[2021-12-05 12:26:06] 	开始等待验证cookie时间
[2021-12-05 12:29:00] 	cookie有效，请等待预定时间
[2021-12-05 12:29:00] 	开始等待预定时间
[2021-12-05 12:30:00] 	尝试识别验证码
[2021-12-05 12:30:00] 	识别验证码为jsR5
[2021-12-05 12:30:01] 	验证码尝试成功，验证码为jsR5
[2021-12-05 12:30:01] 	{
    "data": {
        "userAuth": {
            "prereserve": {
                "verifyCaptcha": true,
                "setStep1": "wss://wechat.v2.traceint.com/quee/quee?sid=21001936&schId=126&in=gy4d&time=1638678601&t=83eaef6673f2daddc4e8de7721092a62"
            }
        }
    }
}
[2021-12-05 12:30:01] 	wss连接地址wss://wechat.v2.traceint.com/quee/quee?sid=21001936&schId=126&in=gy4d&time=1638678601&t=83eaef6673f2daddc4e8de7721092a62
[2021-12-05 12:30:01] 	create_connection连接成功
[2021-12-05 12:30:01] 	前方排队1人
[2021-12-05 12:30:01] 	前方排队1人
[2021-12-05 12:30:01] 	前方排队1人
[2021-12-05 12:30:01] 	前方排队1人
[2021-12-05 12:30:01] 	前方排队1人
[2021-12-05 12:30:01] 	前方排队1人
[2021-12-05 12:30:02] 	前方排队1人
[2021-12-05 12:30:02] 	前方排队0人
[2021-12-05 12:30:02] 	排队完成
[2021-12-05 12:30:07] 	getStep:1
[2021-12-05 12:30:07] 	1号座位已有人
[2021-12-05 12:30:07] 	开始预定2号
[2021-12-05 12:30:10] 	预定成功，座位为2号
[2021-12-05 12:30:11] 	抢座完成后排队人数0
[2021-12-05 12:30:11] 	getStep:2
[2021-12-05 12:30:11] 	create_connection连接关闭
[2021-12-05 12:30:11] 	关闭websocket后排队人数0
[2021-12-05 12:30:11] 	开始写入验证码图片
