[2021-12-07 12:16:16] 	开始等待验证cookie时间
[2021-12-07 12:29:00] 	cookie有效，请等待预定时间
[2021-12-07 12:29:00] 	开始等待预定时间
[2021-12-07 12:30:00] 	尝试识别验证码
[2021-12-07 12:30:01] 	识别验证码为fbaj
[2021-12-07 12:30:01] 	验证码尝试成功，验证码为fbaj
[2021-12-07 12:30:01] 	{
    "data": {
        "userAuth": {
            "prereserve": {
                "verifyCaptcha": true,
                "setStep1": "wss://wechat.v2.traceint.com/quee/quee?sid=21001936&schId=126&in=spKJ&time=1638851401&t=3513b1458bf084a9abbd9a36a1744556"
            }
        }
    }
}
[2021-12-07 12:30:01] 	wss连接地址wss://wechat.v2.traceint.com/quee/quee?sid=21001936&schId=126&in=spKJ&time=1638851401&t=3513b1458bf084a9abbd9a36a1744556
[2021-12-07 12:30:01] 	create_connection连接成功
[2021-12-07 12:30:01] 	前方排队2人
[2021-12-07 12:30:01] 	前方排队2人
[2021-12-07 12:30:01] 	前方排队2人
[2021-12-07 12:30:02] 	前方排队1人
[2021-12-07 12:30:02] 	前方排队0人
[2021-12-07 12:30:02] 	排队完成
[2021-12-07 12:30:07] 	getStep:1
[2021-12-07 12:30:07] 	1号座位已有人
[2021-12-07 12:30:07] 	2号座位已有人
[2021-12-07 12:30:07] 	3号座位已有人
[2021-12-07 12:30:07] 	4号座位已有人
[2021-12-07 12:30:07] 	5号座位已有人
[2021-12-07 12:30:07] 	6号座位已有人
[2021-12-07 12:30:07] 	7号座位已有人
[2021-12-07 12:30:07] 	8号座位已有人
[2021-12-07 12:30:07] 	开始预定9号
[2021-12-07 12:30:11] 	预定成功，座位为9号
[2021-12-07 12:30:12] 	抢座完成后排队人数0
[2021-12-07 12:30:12] 	getStep:2
[2021-12-07 12:30:12] 	create_connection连接关闭
[2021-12-07 12:30:12] 	关闭websocket后排队人数0
[2021-12-07 12:30:12] 	开始写入验证码图片
