[2021-12-04 12:11:21] 	cookie无效，请重新输入cookie
[2021-12-04 12:12:39] 	开始等待验证cookie时间
[2021-12-04 12:29:00] 	cookie有效，请等待预定时间
[2021-12-04 12:29:00] 	开始等待预定时间
[2021-12-04 12:30:00] 	尝试识别验证码
[2021-12-04 12:30:00] 	识别验证码为p2mg
[2021-12-04 12:30:00] 	验证码尝试成功，验证码为p2mg
[2021-12-04 12:30:00] 	{
    "data": {
        "userAuth": {
            "prereserve": {
                "verifyCaptcha": true,
                "setStep1": "wss://wechat.v2.traceint.com/quee/quee?sid=21001936&schId=126&in=cpUV&time=1638592200&t=4defa7a2b50f2d1b528a8f19a31d2995"
            }
        }
    }
}
[2021-12-04 12:30:00] 	wss连接地址wss://wechat.v2.traceint.com/quee/quee?sid=21001936&schId=126&in=cpUV&time=1638592200&t=4defa7a2b50f2d1b528a8f19a31d2995
[2021-12-04 12:30:01] 	create_connection连接成功
[2021-12-04 12:30:01] 	前方排队1人
[2021-12-04 12:30:01] 	前方排队1人
[2021-12-04 12:30:01] 	前方排队1人
[2021-12-04 12:30:01] 	前方排队1人
[2021-12-04 12:30:01] 	前方排队1人
[2021-12-04 12:30:01] 	前方排队1人
[2021-12-04 12:30:02] 	前方排队1人
[2021-12-04 12:30:02] 	前方排队0人
[2021-12-04 12:30:02] 	排队完成
[2021-12-04 12:30:02] 	getStep:2
[2021-12-04 12:30:02] 	1号座位已有人
[2021-12-04 12:30:02] 	开始预定2号
[2021-12-04 12:30:03] 	预定成功，座位为2号
[2021-12-04 12:30:03] 	抢座完成后排队人数0
[2021-12-04 12:30:03] 	getStep:2
[2021-12-04 12:30:03] 	create_connection连接关闭
[2021-12-04 12:30:03] 	开始写入验证码图片
