[2021-11-28 12:19:41] 	开始等待验证cookie时间
[2021-11-28 12:29:00] 	cookie有效，请等待预定时间
[2021-11-28 12:29:00] 	开始等待预定时间
[2021-11-28 12:30:00] 	尝试识别验证码
[2021-11-28 12:30:00] 	识别验证码为HHTe
[2021-11-28 12:30:01] 	验证码尝试成功，验证码为HHTe
[2021-11-28 12:30:01] 	{
    "data": {
        "userAuth": {
            "prereserve": {
                "verifyCaptcha": true,
                "setStep1": "wss://wechat.v2.traceint.com/quee/quee?sid=21001936&schId=126&in=kKeE&time=1638073801&t=f78d01d1a26aa0a9bb9b8cabf049f1ac"
            }
        }
    }
}
[2021-11-28 12:30:01] 	wss连接地址wss://wechat.v2.traceint.com/quee/quee?sid=21001936&schId=126&in=kKeE&time=1638073801&t=f78d01d1a26aa0a9bb9b8cabf049f1ac
[2021-11-28 12:30:01] 	create_connection连接成功
[2021-11-28 12:30:01] 	前方排队1人
[2021-11-28 12:30:01] 	前方排队1人
[2021-11-28 12:30:01] 	前方排队1人
[2021-11-28 12:30:01] 	前方排队1人
[2021-11-28 12:30:01] 	前方排队1人
[2021-11-28 12:30:02] 	前方排队1人
[2021-11-28 12:30:02] 	前方排队0人
[2021-11-28 12:30:02] 	排队完成
[2021-11-28 12:30:02] 	1号座位已有人
[2021-11-28 12:30:02] 	开始预定2号
[2021-11-28 12:30:06] 	预定成功，座位为2号
[2021-11-28 12:30:06] 	create_connection连接关闭
[2021-11-28 12:30:06] 	开始写入验证码图片
