[2021-12-17 18:30:56] 	getStep json无所需数据
[2021-12-17 18:30:56] 	
{
    "errors": [
        {
            "msg": "access denied!",
            "code": 40001
        }
    ],
    "data": {
        "userAuth": null
    }
}
[2021-12-20 12:30:00] 	识别验证码为mge6
[2021-12-20 12:30:01] 	验证码尝试成功，验证码为mge6
[2021-12-20 12:30:01] 	连接地址wss://wechat.v2.traceint.com/quee/quee?sid=20869189&schId=126&in=h8uf&time=1639974601&t=d020ab7ac19ce3fd82561f2c73181acc
[2021-12-20 12:30:01] 	create_connection连接成功
[2021-12-20 12:30:01] 	前方排队1人
[2021-12-20 12:30:01] 	前方排队1人
[2021-12-20 12:30:01] 	前方排队1人
[2021-12-20 12:30:01] 	前方排队1人
[2021-12-20 12:30:02] 	前方排队0人
[2021-12-20 12:30:02] 	88号座位已有人
[2021-12-20 12:30:02] 	开始预定87号
[2021-12-20 12:30:04] 	create_connection连接关闭
[2021-12-21 12:30:00] 	识别验证码为kpy
[2021-12-21 12:30:01] 	cf21528f4f155cdfb05b2e694e3cc90a尝试失败，保存验证码图片后开始下一次尝试
[2021-12-21 12:30:04] 	识别验证码为tmg5
[2021-12-21 12:30:05] 	验证码尝试成功，验证码为tmg5
[2021-12-21 12:30:05] 	连接地址wss://wechat.v2.traceint.com/quee/quee?sid=20869189&schId=126&in=Kevb&time=1640061005&t=a5ef24279ae15c605fa2c918973a2e42
[2021-12-21 12:30:05] 	create_connection连接成功
[2021-12-21 12:30:05] 	前方排队5人
[2021-12-21 12:30:05] 	前方排队5人
[2021-12-21 12:30:05] 	前方排队5人
[2021-12-21 12:30:05] 	前方排队5人
[2021-12-21 12:30:06] 	前方排队4人
[2021-12-21 12:30:06] 	前方排队3人
[2021-12-21 12:30:06] 	前方排队1人
[2021-12-21 12:30:06] 	前方排队0人
[2021-12-21 12:30:06] 	88号座位已有人
[2021-12-21 12:30:06] 	开始预定87号
[2021-12-21 12:30:12] 	save时json数据内含错误或预定失败
[2021-12-21 12:30:12] 	
{
    "errors": [
        {
            "msg": "请先排队",
            "code": 40006
        }
    ],
    "data": {
        "userAuth": {
            "prereserve": {
                "save": null
            }
        }
    }
}
[2021-12-21 12:30:12] 	89号座位已有人
[2021-12-21 12:30:12] 	开始预定90号
[2021-12-21 12:30:13] 	create_connection连接关闭
[2021-12-22 12:30:01] 	识别验证码为4ejt
[2021-12-22 12:30:01] 	验证码尝试成功，验证码为4ejt
[2021-12-22 12:30:01] 	连接地址wss://wechat.v2.traceint.com/quee/quee?sid=20869189&schId=126&in=Avvq&time=1640147401&t=fe438ec869e799eb4a823a0bb22c5bb9
[2021-12-22 12:30:01] 	create_connection连接成功
[2021-12-22 12:30:01] 	前方排队7人
[2021-12-22 12:30:01] 	前方排队7人
[2021-12-22 12:30:02] 	前方排队5人
[2021-12-22 12:30:02] 	前方排队3人
[2021-12-22 12:30:02] 	前方排队2人
[2021-12-22 12:30:02] 	前方排队0人
[2021-12-22 12:30:02] 	88号座位已有人
[2021-12-22 12:30:02] 	开始预定87号
[2021-12-22 12:30:03] 	create_connection连接关闭
[2021-12-23 12:30:00] 	识别验证码为cAh
[2021-12-23 12:30:01] 	416fd4fc9a9ffaff87e17097f4b86abf尝试失败，保存验证码图片后开始下一次尝试
[2021-12-23 12:30:06] 	识别验证码为4m7n
[2021-12-23 12:30:06] 	验证码尝试成功，验证码为4m7n
[2021-12-23 12:30:06] 	连接地址wss://wechat.v2.traceint.com/quee/quee?sid=20869189&schId=126&in=nAmQ&time=1640233806&t=a75d4464c1792f274bdc33a2bb0a0b07
[2021-12-23 12:30:07] 	create_connection连接成功
[2021-12-23 12:30:07] 	前方排队44人
[2021-12-23 12:30:07] 	前方排队42人
[2021-12-23 12:30:07] 	前方排队41人
[2021-12-23 12:30:07] 	前方排队39人
[2021-12-23 12:30:07] 	前方排队37人
[2021-12-23 12:30:08] 	前方排队36人
[2021-12-23 12:30:08] 	前方排队34人
[2021-12-23 12:30:08] 	前方排队32人
[2021-12-23 12:30:08] 	前方排队31人
[2021-12-23 12:30:08] 	前方排队29人
[2021-12-23 12:30:08] 	前方排队27人
[2021-12-23 12:30:09] 	前方排队25人
[2021-12-23 12:30:09] 	前方排队24人
[2021-12-23 12:30:09] 	前方排队21人
[2021-12-23 12:30:09] 	前方排队20人
[2021-12-23 12:30:09] 	前方排队18人
[2021-12-23 12:30:09] 	前方排队17人
[2021-12-23 12:30:09] 	前方排队15人
[2021-12-23 12:30:10] 	前方排队13人
[2021-12-23 12:30:10] 	前方排队11人
[2021-12-23 12:30:10] 	前方排队10人
[2021-12-23 12:30:10] 	前方排队8人
[2021-12-23 12:30:10] 	前方排队6人
[2021-12-23 12:30:10] 	前方排队4人
[2021-12-23 12:30:11] 	前方排队2人
[2021-12-23 12:30:11] 	前方排队1人
[2021-12-23 12:30:11] 	前方排队0人
[2021-12-23 12:30:11] 	88号座位已有人
[2021-12-23 12:30:11] 	87号座位已有人
[2021-12-23 12:30:11] 	89号座位已有人
[2021-12-23 12:30:11] 	90号座位已有人
[2021-12-23 12:30:11] 	86号座位已有人
[2021-12-23 12:30:11] 	开始预定91号
[2021-12-23 12:30:12] 	预定成功，座位为91号
[2021-12-23 12:30:12] 	create_connection连接关闭
