[2021-12-24 08:08:27] 	开始等待验证cookie时间
[2021-12-24 08:08:27] 	cookie有效，请等待预定时间
[2021-12-24 08:08:27] 	开始等待预定时间
Traceback (most recent call last):
  File "seat_book.py", line 36, in <module>
    book(cookie, 5)
  File "seat_book.py", line 24, in book
    pass_reserve(cookie, often_floor, strict_mode, reserve)
  File "/code/repostories/tracient-book/utils/request.py", line 641, in pass_reserve
    seat = reserve_floor(cookie, get_lib_id(often_floor), reserve)
  File "/code/repostories/tracient-book/utils/request.py", line 612, in reserve_floor
    lib_id = get_lib_id(floor)
  File "/code/repostories/tracient-book/utils/utils.py", line 158, in get_lib_id
    raise index_exc
  File "/code/repostories/tracient-book/utils/utils.py", line 154, in get_lib_id
    return lib[floor - 1]
IndexError: list index out of range
[2021-12-24 08:10:36] 	开始等待验证cookie时间
[2021-12-24 08:10:36] 	cookie有效，请等待预定时间
[2021-12-24 08:10:36] 	开始等待预定时间
[2021-12-26 12:14:31] 	开始等待验证cookie时间
[2021-12-26 12:29:00] 	cookie有效，请等待预定时间
[2021-12-26 12:29:00] 	开始等待预定时间
[2021-12-26 12:30:00] 	当前未验证验证码，开始验证验证码
2021-12-26 12:30:01.364643762 [W:onnxruntime:, execution_frame.cc:770 VerifyOutputSizes] Expected shape from model of {1,19} does not match actual shape of {1,24} for output output
[2021-12-26 12:30:01] 	开始排队
[2021-12-26 12:30:01] 	当前需要排队，即将开始排队
[2021-12-26 12:30:02] 	前方排队1人
[2021-12-26 12:30:02] 	排队完成
[2021-12-26 12:30:02] 	开始预定座位
[2021-12-26 12:30:04] 	预定成功，座位为88号
[2021-12-26 12:30:04] 	检测到当前未签到，将自动进行签到
[2021-12-27 12:26:13] 	开始等待验证cookie时间
[2021-12-27 12:29:00] 	cookie有效，请等待预定时间
[2021-12-27 12:29:00] 	开始等待预定时间
[2021-12-27 12:30:00] 	当前未验证验证码，开始验证验证码
2021-12-27 12:30:00.883210777 [W:onnxruntime:, execution_frame.cc:770 VerifyOutputSizes] Expected shape from model of {1,19} does not match actual shape of {1,24} for output output
2021-12-27 12:30:04.444341016 [W:onnxruntime:, execution_frame.cc:770 VerifyOutputSizes] Expected shape from model of {1,19} does not match actual shape of {1,24} for output output
2021-12-27 12:30:09.842296655 [W:onnxruntime:, execution_frame.cc:770 VerifyOutputSizes] Expected shape from model of {1,19} does not match actual shape of {1,24} for output output
2021-12-27 12:30:12.893172973 [W:onnxruntime:, execution_frame.cc:770 VerifyOutputSizes] Expected shape from model of {1,19} does not match actual shape of {1,24} for output output
[2021-12-27 12:30:13] 	开始排队
[2021-12-27 12:30:13] 	当前需要排队，即将开始排队
[2021-12-27 12:30:13] 	前方排队321人
[2021-12-27 12:30:42] 	排队完成
[2021-12-27 12:30:42] 	开始预定座位
[2021-12-27 12:30:43] 	预定成功，座位为88号
[2021-12-27 12:30:43] 	检测到当前未签到，将自动进行签到
[2021-12-28 12:18:16] 	开始等待验证cookie时间
[2021-12-28 12:29:00] 	cookie有效，请等待预定时间
[2021-12-28 12:29:00] 	开始等待预定时间
[2021-12-28 12:30:00] 	当前未验证验证码，开始验证验证码
2021-12-28 12:30:01.484755232 [W:onnxruntime:, execution_frame.cc:770 VerifyOutputSizes] Expected shape from model of {1,19} does not match actual shape of {1,24} for output output
[2021-12-28 12:30:02] 	开始排队
[2021-12-28 12:30:02] 	当前需要排队，即将开始排队
[2021-12-28 12:30:02] 	前方排队0人
[2021-12-28 12:30:02] 	排队完成
[2021-12-28 12:30:02] 	开始预定座位
[2021-12-28 12:30:03] 	预定成功，座位为88号
[2021-12-28 12:30:03] 	检测到当前未签到，将自动进行签到
[2021-12-30 12:26:34] 	开始等待验证cookie时间
[2021-12-30 12:29:00] 	cookie有效，请等待预定时间
[2021-12-30 12:29:00] 	开始等待预定时间
[2021-12-30 12:30:00] 	当前未验证验证码，开始验证验证码
2021-12-30 12:30:01.512921218 [W:onnxruntime:, execution_frame.cc:770 VerifyOutputSizes] Expected shape from model of {1,19} does not match actual shape of {1,24} for output output
2021-12-30 12:30:02.308399730 [W:onnxruntime:, execution_frame.cc:770 VerifyOutputSizes] Expected shape from model of {1,19} does not match actual shape of {1,24} for output output
[2021-12-30 12:30:02] 	开始排队
[2021-12-30 12:30:02] 	当前需要排队，即将开始排队
[2021-12-30 12:30:02] 	前方排队1人
[2021-12-30 12:30:03] 	排队完成
[2021-12-30 12:30:03] 	开始预定座位
[2021-12-30 12:30:04] 	预定成功，座位为88号
[2021-12-30 12:30:04] 	检测到当前未签到，将自动进行签到
[2021-12-31 12:27:39] 	开始等待验证cookie时间
[2021-12-31 12:29:00] 	cookie有效，请等待预定时间
[2021-12-31 12:29:00] 	开始等待预定时间
[2021-12-31 12:30:00] 	当前未验证验证码，开始验证验证码
2021-12-31 12:30:01.594179901 [W:onnxruntime:, execution_frame.cc:770 VerifyOutputSizes] Expected shape from model of {1,19} does not match actual shape of {1,24} for output output
[2021-12-31 12:30:02] 	开始排队
[2021-12-31 12:30:02] 	当前需要排队，即将开始排队
[2021-12-31 12:30:02] 	前方排队5人
[2021-12-31 12:30:03] 	排队完成
[2021-12-31 12:30:03] 	开始预定座位
[2021-12-31 12:30:04] 	预定成功，座位为88号
[2021-12-31 12:30:04] 	检测到当前未签到，将自动进行签到
