[2021-11-30 12:26:49] 	开始等待验证cookie时间
[2021-11-30 12:29:00] 	cookie有效，请等待预定时间
[2021-11-30 12:29:00] 	开始等待预定时间
[2021-11-30 12:30:00] 	尝试识别验证码
[2021-11-30 12:30:00] 	识别验证码为puqm
[2021-11-30 12:30:01] 	验证码尝试成功，验证码为puqm
[2021-11-30 12:30:01] 	{
    "data": {
        "userAuth": {
            "prereserve": {
                "verifyCaptcha": true,
                "setStep1": "wss://wechat.v2.traceint.com/quee/quee?sid=21001936&schId=126&in=M9cn&time=1638246601&t=653e9a17425734db22ddd695789e2bf1"
            }
        }
    }
}
[2021-11-30 12:30:01] 	wss连接地址wss://wechat.v2.traceint.com/quee/quee?sid=21001936&schId=126&in=M9cn&time=1638246601&t=653e9a17425734db22ddd695789e2bf1
[2021-11-30 12:30:01] 	create_connection连接成功
[2021-11-30 12:30:01] 	前方排队1人
[2021-11-30 12:30:01] 	前方排队1人
[2021-11-30 12:30:01] 	前方排队1人
[2021-11-30 12:30:02] 	前方排队1人
[2021-11-30 12:30:02] 	前方排队0人
[2021-11-30 12:30:02] 	排队完成
[2021-11-30 12:30:02] 	1号座位已有人
[2021-11-30 12:30:02] 	开始预定2号
[2021-11-30 12:30:07] 	预定2号失败
[2021-11-30 12:30:07] 	{
    "errors": [
        {
            "msg": "请先排队",
            "code": 40006
        }
    ],
    "data": {
        "userAuth": {
            "prereserve": {
                "save": null
            }
        }
    }
}
[2021-11-30 12:30:07] 	3号座位已有人
[2021-11-30 12:30:07] 	开始预定4号
[2021-11-30 12:30:12] 	预定成功，座位为4号
[2021-11-30 12:30:12] 	create_connection连接关闭
[2021-11-30 12:30:12] 	开始写入验证码图片
