[2021-12-01 12:26:11] 	开始等待验证cookie时间
[2021-12-01 12:29:00] 	cookie有效，请等待预定时间
[2021-12-01 12:29:00] 	开始等待预定时间
[2021-12-01 12:30:00] 	尝试识别验证码
[2021-12-01 12:30:00] 	识别验证码为eqww
[2021-12-01 12:30:00] 	6e1bdae04ff6c111ac35be6fadecfb96尝试失败，保存验证码图片后开始下一次尝试
[2021-12-01 12:30:02] 	识别验证码为gklv
[2021-12-01 12:30:02] 	验证码尝试成功，验证码为gklv
[2021-12-01 12:30:02] 	{
    "data": {
        "userAuth": {
            "prereserve": {
                "verifyCaptcha": true,
                "setStep1": "wss://wechat.v2.traceint.com/quee/quee?sid=21001936&schId=126&in=pcdC&time=1638333002&t=94a1ef2d54d725a5c0d00581eadf27f0"
            }
        }
    }
}
[2021-12-01 12:30:02] 	wss连接地址wss://wechat.v2.traceint.com/quee/quee?sid=21001936&schId=126&in=pcdC&time=1638333002&t=94a1ef2d54d725a5c0d00581eadf27f0
[2021-12-01 12:30:02] 	create_connection连接成功
[2021-12-01 12:30:02] 	前方排队6人
[2021-12-01 12:30:02] 	前方排队6人
[2021-12-01 12:30:02] 	前方排队5人
[2021-12-01 12:30:02] 	前方排队3人
[2021-12-01 12:30:03] 	前方排队2人
[2021-12-01 12:30:03] 	前方排队0人
[2021-12-01 12:30:03] 	排队完成
[2021-12-01 12:30:03] 	1号座位已有人
[2021-12-01 12:30:03] 	开始预定2号
[2021-12-01 12:30:03] 	预定成功，座位为2号
[2021-12-01 12:30:03] 	create_connection连接关闭
[2021-12-01 12:30:03] 	开始写入验证码图片
