[2021-11-29 11:59:18] 	开始等待验证cookie时间
[2021-11-29 12:29:00] 	cookie有效，请等待预定时间
[2021-11-29 12:29:00] 	开始等待预定时间
[2021-11-29 12:30:00] 	尝试识别验证码
[2021-11-29 12:30:01] 	识别验证码为cblj
[2021-11-29 12:30:01] 	验证码尝试成功，验证码为cblj
[2021-11-29 12:30:01] 	{
    "data": {
        "userAuth": {
            "prereserve": {
                "verifyCaptcha": true,
                "setStep1": "wss://wechat.v2.traceint.com/quee/quee?sid=21001936&schId=126&in=dUKR&time=1638160201&t=e4e3ef035e27d1331a56498d95003082"
            }
        }
    }
}
[2021-11-29 12:30:01] 	wss连接地址wss://wechat.v2.traceint.com/quee/quee?sid=21001936&schId=126&in=dUKR&time=1638160201&t=e4e3ef035e27d1331a56498d95003082
[2021-11-29 12:30:01] 	create_connection连接成功
[2021-11-29 12:30:01] 	前方排队7人
[2021-11-29 12:30:01] 	前方排队7人
[2021-11-29 12:30:01] 	前方排队7人
[2021-11-29 12:30:01] 	前方排队7人
[2021-11-29 12:30:02] 	前方排队6人
[2021-11-29 12:30:02] 	前方排队4人
[2021-11-29 12:30:02] 	前方排队3人
[2021-11-29 12:30:02] 	前方排队1人
[2021-11-29 12:30:02] 	前方排队0人
[2021-11-29 12:30:02] 	排队完成
[2021-11-29 12:30:02] 	1号座位已有人
[2021-11-29 12:30:02] 	开始预定2号
[2021-11-29 12:30:03] 	预定成功，座位为2号
[2021-11-29 12:30:03] 	create_connection连接关闭
[2021-11-29 12:30:03] 	开始写入验证码图片
