[2021-12-08 12:12:29] 	开始等待验证cookie时间
[2021-12-08 12:15:48] 	开始等待验证cookie时间
[2021-12-08 12:29:00] 	cookie有效，请等待预定时间
[2021-12-08 12:29:00] 	开始等待预定时间
[2021-12-08 12:30:00] 	尝试识别验证码
[2021-12-08 12:30:00] 	识别验证码为kpd8
[2021-12-08 12:30:01] 	验证码尝试成功，验证码为kpd8
[2021-12-08 12:30:01] 	{
    "data": {
        "userAuth": {
            "prereserve": {
                "verifyCaptcha": true,
                "setStep1": "wss://wechat.v2.traceint.com/quee/quee?sid=21001936&schId=126&in=TaFg&time=1638937801&t=86b079cc0355cc3f6c10ba3d24eb1903"
            }
        }
    }
}
[2021-12-08 12:30:01] 	wss连接地址wss://wechat.v2.traceint.com/quee/quee?sid=21001936&schId=126&in=TaFg&time=1638937801&t=86b079cc0355cc3f6c10ba3d24eb1903
[2021-12-08 12:30:01] 	create_connection连接成功
[2021-12-08 12:30:01] 	前方排队1人
[2021-12-08 12:30:01] 	前方排队1人
[2021-12-08 12:30:01] 	前方排队1人
[2021-12-08 12:30:01] 	前方排队1人
[2021-12-08 12:30:01] 	前方排队1人
[2021-12-08 12:30:02] 	前方排队0人
[2021-12-08 12:30:02] 	排队完成
[2021-12-08 12:30:03] 	getStep:2
[2021-12-08 12:30:03] 	1号座位已有人
[2021-12-08 12:30:03] 	开始预定2号
[2021-12-08 12:30:04] 	预定成功，座位为2号
[2021-12-08 12:30:04] 	抢座完成后排队人数0
[2021-12-08 12:30:04] 	getStep:2
[2021-12-08 12:30:04] 	create_connection连接关闭
[2021-12-08 12:30:04] 	关闭websocket后排队人数0
[2021-12-08 12:30:04] 	开始写入验证码图片
