[2021-12-03 12:17:24] 	开始等待验证cookie时间
[2021-12-03 12:29:00] 	cookie有效，请等待预定时间
[2021-12-03 12:29:00] 	开始等待预定时间
[2021-12-03 12:30:00] 	尝试识别验证码
[2021-12-03 12:30:00] 	识别验证码为E4j
[2021-12-03 12:30:01] 	986da5d27606a52f0fa72d4b985881c3尝试失败，保存验证码图片后开始下一次尝试
[2021-12-03 12:30:06] 	识别验证码为7kmw
[2021-12-03 12:30:06] 	验证码尝试成功，验证码为7kmw
[2021-12-03 12:30:06] 	{
    "data": {
        "userAuth": {
            "prereserve": {
                "verifyCaptcha": true,
                "setStep1": "wss://wechat.v2.traceint.com/quee/quee?sid=21001936&schId=126&in=4Nbu&time=1638505806&t=24acf7259354976ac8d99577ac8c258f"
            }
        }
    }
}
[2021-12-03 12:30:06] 	wss连接地址wss://wechat.v2.traceint.com/quee/quee?sid=21001936&schId=126&in=4Nbu&time=1638505806&t=24acf7259354976ac8d99577ac8c258f
[2021-12-03 12:30:06] 	create_connection连接成功
[2021-12-03 12:30:07] 	前方排队16人
[2021-12-03 12:30:07] 	前方排队16人
[2021-12-03 12:30:07] 	前方排队14人
[2021-12-03 12:30:07] 	前方排队12人
[2021-12-03 12:30:07] 	前方排队11人
[2021-12-03 12:30:07] 	前方排队9人
[2021-12-03 12:30:07] 	前方排队8人
[2021-12-03 12:30:08] 	前方排队6人
[2021-12-03 12:30:08] 	前方排队4人
[2021-12-03 12:30:08] 	前方排队3人
[2021-12-03 12:30:08] 	前方排队1人
[2021-12-03 12:30:08] 	前方排队0人
[2021-12-03 12:30:08] 	排队完成
[2021-12-03 12:30:08] 	1号座位已有人
[2021-12-03 12:30:08] 	开始预定2号
[2021-12-03 12:30:14] 	预定2号失败
[2021-12-03 12:30:14] 	{
    "errors": [
        {
            "msg": "请先排队",
            "code": 40006
        }
    ],
    "data": {
        "userAuth": {
            "prereserve": {
                "save": null
            }
        }
    }
}
[2021-12-03 12:30:14] 	3号座位已有人
[2021-12-03 12:30:14] 	开始预定4号
[2021-12-03 12:30:16] 	预定成功，座位为4号
[2021-12-03 12:30:16] 	create_connection连接关闭
[2021-12-03 12:30:16] 	开始写入验证码图片
