[2021-12-10 12:23:56] 	开始等待验证cookie时间
[2021-12-10 12:29:00] 	cookie有效，请等待预定时间
[2021-12-10 12:29:00] 	开始等待预定时间
[2021-12-10 12:30:00] 	尝试识别验证码
[2021-12-10 12:30:00] 	识别验证码为4ky4
[2021-12-10 12:30:01] 	验证码尝试成功，验证码为4ky4
[2021-12-10 12:30:01] 	{
    "data": {
        "userAuth": {
            "prereserve": {
                "verifyCaptcha": true,
                "setStep1": "wss://wechat.v2.traceint.com/quee/quee?sid=20862932&schId=126&in=9DLL&time=1639110601&t=d29e045cd2333a278b865f40d5715e95"
            }
        }
    }
}
[2021-12-10 12:30:01] 	wss连接地址wss://wechat.v2.traceint.com/quee/quee?sid=20862932&schId=126&in=9DLL&time=1639110601&t=d29e045cd2333a278b865f40d5715e95
[2021-12-10 12:30:01] 	create_connection连接成功
[2021-12-10 12:30:01] 	前方排队-1人
[2021-12-10 12:30:01] 	前方排队-1人
[2021-12-10 12:30:01] 	排队完成
[2021-12-10 12:30:07] 	getStep:1
[2021-12-10 12:30:07] 	1号座位已有人
[2021-12-10 12:30:07] 	开始预定2号
[2021-12-10 12:30:12] 	预定2号失败
[2021-12-10 12:30:12] 	{
    "errors": [
        {
            "msg": "请先排队",
            "code": 40006
        }
    ],
    "data": {
        "userAuth": {
            "prereserve": {
                "save": null
            }
        }
    }
}
[2021-12-10 12:30:12] 	3号座位已有人
[2021-12-10 12:30:12] 	开始预定4号
[2021-12-10 12:30:14] 	预定4号失败
[2021-12-10 12:30:14] 	{
    "errors": [
        {
            "msg": "该座位已经被别人抢掉了,请换个座位",
            "code": 1
        }
    ],
    "data": {
        "userAuth": {
            "prereserve": {
                "save": null
            }
        }
    }
}
[2021-12-10 12:30:14] 	5号座位已有人
[2021-12-10 12:30:14] 	6号座位已有人
[2021-12-10 12:30:14] 	7号座位已有人
[2021-12-10 12:30:14] 	8号座位已有人
[2021-12-10 12:30:14] 	开始预定9号
[2021-12-10 12:30:14] 	预定成功，座位为9号
[2021-12-10 12:30:14] 	抢座完成后排队人数-1
[2021-12-10 12:30:15] 	getStep:2
[2021-12-10 12:30:15] 	create_connection连接关闭
[2021-12-10 12:30:15] 	关闭websocket后排队人数-1
[2021-12-10 12:30:15] 	开始写入验证码图片
